[0.474s] Invoking command in '/home/godcreator333/HARI_UBUNTU_HOME/Linux_BUILDS/SensoryAI-ROS2/ros2_ws/src/camera_node': PYTHONPATH=/home/godcreator333/HARI_UBUNTU_HOME/Linux_BUILDS/SensoryAI-ROS2/ros2_ws/build/camera_node/prefix_override:/usr/lib/python3/dist-packages/colcon_core/task/python/colcon_distutils_commands:/home/godcreator333/HARI_UBUNTU_HOME/Linux_BUILDS/SensoryAI-ROS2/ros2_ws/install/camera_node/lib/python3.10/site-packages:${PYTHONPATH} /usr/bin/python3 -W ignore:setup.py install is deprecated setup.py egg_info --egg-base ../../build/camera_node build --build-base /home/godcreator333/HARI_UBUNTU_HOME/Linux_BUILDS/SensoryAI-ROS2/ros2_ws/build/camera_node/build install --record /home/godcreator333/HARI_UBUNTU_HOME/Linux_BUILDS/SensoryAI-ROS2/ros2_ws/build/camera_node/install.log --single-version-externally-managed install_data
[0.616s] running egg_info
[0.616s] writing ../../build/camera_node/camera_node.egg-info/PKG-INFO
[0.616s] writing dependency_links to ../../build/camera_node/camera_node.egg-info/dependency_links.txt
[0.617s] writing entry points to ../../build/camera_node/camera_node.egg-info/entry_points.txt
[0.617s] writing requirements to ../../build/camera_node/camera_node.egg-info/requires.txt
[0.617s] writing top-level names to ../../build/camera_node/camera_node.egg-info/top_level.txt
[0.618s] reading manifest file '../../build/camera_node/camera_node.egg-info/SOURCES.txt'
[0.618s] writing manifest file '../../build/camera_node/camera_node.egg-info/SOURCES.txt'
[0.618s] running build
[0.618s] running build_py
[0.618s] running install
[0.619s] running install_lib
[0.619s] running install_data
[0.619s] running install_egg_info
[0.620s] removing '/home/godcreator333/HARI_UBUNTU_HOME/Linux_BUILDS/SensoryAI-ROS2/ros2_ws/install/camera_node/lib/python3.10/site-packages/camera_node-0.0.0-py3.10.egg-info' (and everything under it)
[0.620s] Copying ../../build/camera_node/camera_node.egg-info to /home/godcreator333/HARI_UBUNTU_HOME/Linux_BUILDS/SensoryAI-ROS2/ros2_ws/install/camera_node/lib/python3.10/site-packages/camera_node-0.0.0-py3.10.egg-info
[0.621s] running install_scripts
[0.631s] Installing camera_node script to /home/godcreator333/HARI_UBUNTU_HOME/Linux_BUILDS/SensoryAI-ROS2/ros2_ws/install/camera_node/lib/camera_node
[0.631s] writing list of installed files to '/home/godcreator333/HARI_UBUNTU_HOME/Linux_BUILDS/SensoryAI-ROS2/ros2_ws/build/camera_node/install.log'
[0.642s] Invoked command in '/home/godcreator333/HARI_UBUNTU_HOME/Linux_BUILDS/SensoryAI-ROS2/ros2_ws/src/camera_node' returned '0': PYTHONPATH=/home/godcreator333/HARI_UBUNTU_HOME/Linux_BUILDS/SensoryAI-ROS2/ros2_ws/build/camera_node/prefix_override:/usr/lib/python3/dist-packages/colcon_core/task/python/colcon_distutils_commands:/home/godcreator333/HARI_UBUNTU_HOME/Linux_BUILDS/SensoryAI-ROS2/ros2_ws/install/camera_node/lib/python3.10/site-packages:${PYTHONPATH} /usr/bin/python3 -W ignore:setup.py install is deprecated setup.py egg_info --egg-base ../../build/camera_node build --build-base /home/godcreator333/HARI_UBUNTU_HOME/Linux_BUILDS/SensoryAI-ROS2/ros2_ws/build/camera_node/build install --record /home/godcreator333/HARI_UBUNTU_HOME/Linux_BUILDS/SensoryAI-ROS2/ros2_ws/build/camera_node/install.log --single-version-externally-managed install_data
