[0.471s] Invoking command in '/home/godcreator333/HARI_UBUNTU_HOME/Linux_BUILDS/SensoryAI-ROS2/ros2_ws/src/camera_node': PYTHONPATH=/home/godcreator333/HARI_UBUNTU_HOME/Linux_BUILDS/SensoryAI-ROS2/ros2_ws/build/camera_node/prefix_override:/usr/lib/python3/dist-packages/colcon_core/task/python/colcon_distutils_commands:/home/godcreator333/HARI_UBUNTU_HOME/Linux_BUILDS/SensoryAI-ROS2/ros2_ws/install/camera_node/lib/python3.10/site-packages:${PYTHONPATH} /usr/bin/python3 -W ignore:setup.py install is deprecated setup.py egg_info --egg-base ../../build/camera_node build --build-base /home/godcreator333/HARI_UBUNTU_HOME/Linux_BUILDS/SensoryAI-ROS2/ros2_ws/build/camera_node/build install --record /home/godcreator333/HARI_UBUNTU_HOME/Linux_BUILDS/SensoryAI-ROS2/ros2_ws/build/camera_node/install.log --single-version-externally-managed install_data
[0.611s] running egg_info
[0.611s] creating ../../build/camera_node/camera_node.egg-info
[0.611s] writing ../../build/camera_node/camera_node.egg-info/PKG-INFO
[0.611s] writing dependency_links to ../../build/camera_node/camera_node.egg-info/dependency_links.txt
[0.611s] writing entry points to ../../build/camera_node/camera_node.egg-info/entry_points.txt
[0.611s] writing requirements to ../../build/camera_node/camera_node.egg-info/requires.txt
[0.612s] writing top-level names to ../../build/camera_node/camera_node.egg-info/top_level.txt
[0.612s] writing manifest file '../../build/camera_node/camera_node.egg-info/SOURCES.txt'
[0.612s] reading manifest file '../../build/camera_node/camera_node.egg-info/SOURCES.txt'
[0.613s] writing manifest file '../../build/camera_node/camera_node.egg-info/SOURCES.txt'
[0.613s] running build
[0.613s] running build_py
[0.613s] creating /home/godcreator333/HARI_UBUNTU_HOME/Linux_BUILDS/SensoryAI-ROS2/ros2_ws/build/camera_node/build
[0.613s] creating /home/godcreator333/HARI_UBUNTU_HOME/Linux_BUILDS/SensoryAI-ROS2/ros2_ws/build/camera_node/build/lib
[0.613s] creating /home/godcreator333/HARI_UBUNTU_HOME/Linux_BUILDS/SensoryAI-ROS2/ros2_ws/build/camera_node/build/lib/camera_node
[0.613s] copying camera_node/__init__.py -> /home/godcreator333/HARI_UBUNTU_HOME/Linux_BUILDS/SensoryAI-ROS2/ros2_ws/build/camera_node/build/lib/camera_node
[0.613s] copying camera_node/camera_node.py -> /home/godcreator333/HARI_UBUNTU_HOME/Linux_BUILDS/SensoryAI-ROS2/ros2_ws/build/camera_node/build/lib/camera_node
[0.613s] running install
[0.613s] running install_lib
[0.614s] creating /home/godcreator333/HARI_UBUNTU_HOME/Linux_BUILDS/SensoryAI-ROS2/ros2_ws/install/camera_node/lib/python3.10/site-packages/camera_node
[0.614s] copying /home/godcreator333/HARI_UBUNTU_HOME/Linux_BUILDS/SensoryAI-ROS2/ros2_ws/build/camera_node/build/lib/camera_node/__init__.py -> /home/godcreator333/HARI_UBUNTU_HOME/Linux_BUILDS/SensoryAI-ROS2/ros2_ws/install/camera_node/lib/python3.10/site-packages/camera_node
[0.614s] copying /home/godcreator333/HARI_UBUNTU_HOME/Linux_BUILDS/SensoryAI-ROS2/ros2_ws/build/camera_node/build/lib/camera_node/camera_node.py -> /home/godcreator333/HARI_UBUNTU_HOME/Linux_BUILDS/SensoryAI-ROS2/ros2_ws/install/camera_node/lib/python3.10/site-packages/camera_node
[0.614s] byte-compiling /home/godcreator333/HARI_UBUNTU_HOME/Linux_BUILDS/SensoryAI-ROS2/ros2_ws/install/camera_node/lib/python3.10/site-packages/camera_node/__init__.py to __init__.cpython-310.pyc
[0.614s] byte-compiling /home/godcreator333/HARI_UBUNTU_HOME/Linux_BUILDS/SensoryAI-ROS2/ros2_ws/install/camera_node/lib/python3.10/site-packages/camera_node/camera_node.py to camera_node.cpython-310.pyc
[0.614s] running install_data
[0.614s] creating /home/godcreator333/HARI_UBUNTU_HOME/Linux_BUILDS/SensoryAI-ROS2/ros2_ws/install/camera_node/share/ament_index
[0.614s] creating /home/godcreator333/HARI_UBUNTU_HOME/Linux_BUILDS/SensoryAI-ROS2/ros2_ws/install/camera_node/share/ament_index/resource_index
[0.614s] creating /home/godcreator333/HARI_UBUNTU_HOME/Linux_BUILDS/SensoryAI-ROS2/ros2_ws/install/camera_node/share/ament_index/resource_index/packages
[0.614s] copying resource/camera_node -> /home/godcreator333/HARI_UBUNTU_HOME/Linux_BUILDS/SensoryAI-ROS2/ros2_ws/install/camera_node/share/ament_index/resource_index/packages
[0.614s] copying package.xml -> /home/godcreator333/HARI_UBUNTU_HOME/Linux_BUILDS/SensoryAI-ROS2/ros2_ws/install/camera_node/share/camera_node
[0.614s] running install_egg_info
[0.615s] Copying ../../build/camera_node/camera_node.egg-info to /home/godcreator333/HARI_UBUNTU_HOME/Linux_BUILDS/SensoryAI-ROS2/ros2_ws/install/camera_node/lib/python3.10/site-packages/camera_node-0.0.0-py3.10.egg-info
[0.616s] running install_scripts
[0.625s] Installing camera_node script to /home/godcreator333/HARI_UBUNTU_HOME/Linux_BUILDS/SensoryAI-ROS2/ros2_ws/install/camera_node/lib/camera_node
[0.626s] writing list of installed files to '/home/godcreator333/HARI_UBUNTU_HOME/Linux_BUILDS/SensoryAI-ROS2/ros2_ws/build/camera_node/install.log'
[0.636s] Invoked command in '/home/godcreator333/HARI_UBUNTU_HOME/Linux_BUILDS/SensoryAI-ROS2/ros2_ws/src/camera_node' returned '0': PYTHONPATH=/home/godcreator333/HARI_UBUNTU_HOME/Linux_BUILDS/SensoryAI-ROS2/ros2_ws/build/camera_node/prefix_override:/usr/lib/python3/dist-packages/colcon_core/task/python/colcon_distutils_commands:/home/godcreator333/HARI_UBUNTU_HOME/Linux_BUILDS/SensoryAI-ROS2/ros2_ws/install/camera_node/lib/python3.10/site-packages:${PYTHONPATH} /usr/bin/python3 -W ignore:setup.py install is deprecated setup.py egg_info --egg-base ../../build/camera_node build --build-base /home/godcreator333/HARI_UBUNTU_HOME/Linux_BUILDS/SensoryAI-ROS2/ros2_ws/build/camera_node/build install --record /home/godcreator333/HARI_UBUNTU_HOME/Linux_BUILDS/SensoryAI-ROS2/ros2_ws/build/camera_node/install.log --single-version-externally-managed install_data
